<?xml version="1.0" encoding="UTF-8"?>
<coverage generated="1674320985862" clover="3.2.0">
  <project timestamp="1674320985862" name="All files">
    <metrics statements="9" coveredstatements="0" conditionals="2" coveredconditionals="0" methods="1" coveredmethods="0" elements="12" coveredelements="0" complexity="0" loc="9" ncloc="9" packages="3" files="3" classes="3"/>
    <package name="application.controller">
      <metrics statements="2" coveredstatements="0" conditionals="2" coveredconditionals="0" methods="1" coveredmethods="0"/>
      <file name="person.ts" path="C:\Users\Igor\Documents\Study\js\DDD_CLEAN_ARCH\1\src\application\controller\person.ts">
        <metrics statements="2" coveredstatements="0" conditionals="2" coveredconditionals="0" methods="1" coveredmethods="0"/>
        <line num="1" count="0" type="stmt"/>
        <line num="3" count="0" type="cond" truecount="0" falsecount="2"/>
      </file>
    </package>
    <package name="main.api">
      <metrics statements="4" coveredstatements="0" conditionals="0" coveredconditionals="0" methods="0" coveredmethods="0"/>
      <file name="index.ts" path="C:\Users\Igor\Documents\Study\js\DDD_CLEAN_ARCH\1\src\main\api\index.ts">
        <metrics statements="4" coveredstatements="0" conditionals="0" coveredconditionals="0" methods="0" coveredmethods="0"/>
        <line num="1" count="0" type="stmt"/>
        <line num="2" count="0" type="stmt"/>
        <line num="4" count="0" type="stmt"/>
        <line num="6" count="0" type="stmt"/>
      </file>
    </package>
    <package name="main.config">
      <metrics statements="3" coveredstatements="0" conditionals="0" coveredconditionals="0" methods="0" coveredmethods="0"/>
      <file name="module-alias.ts" path="C:\Users\Igor\Documents\Study\js\DDD_CLEAN_ARCH\1\src\main\config\module-alias.ts">
        <metrics statements="3" coveredstatements="0" conditionals="0" coveredconditionals="0" methods="0" coveredmethods="0"/>
        <line num="1" count="0" type="stmt"/>
        <line num="2" count="0" type="stmt"/>
        <line num="4" count="0" type="stmt"/>
      </file>
    </package>
  </project>
</coverage>
