{"C:\\Users\\Igor\\Documents\\Study\\js\\DDD_CLEAN_ARCH\\1\\src\\application\\controller\\person.ts": {"path":"C:\\Users\\Igor\\Documents\\Study\\js\\DDD_CLEAN_ARCH\\1\\src\\application\\controller\\person.ts","statementMap":{"0":{"start":{"line":3,"column":4},"end":{"line":3,"column":null}},"1":{"start":{"line":1,"column":0},"end":{"line":1,"column":13}}},"fnMap":{"0":{"name":"(anonymous_0)","decl":{"start":{"line":2,"column":2},"end":{"line":2,"column":7}},"loc":{"start":{"line":2,"column":22},"end":{"line":4,"column":3}}}},"branchMap":{"0":{"loc":{"start":{"line":3,"column":18},"end":{"line":3,"column":49}},"type":"binary-expr","locations":[{"start":{"line":3,"column":18},"end":{"line":3,"column":37}},{"start":{"line":3,"column":41},"end":{"line":3,"column":49}}]}},"s":{"0":0,"1":0},"f":{"0":0},"b":{"0":[0,0]}}
,"C:\\Users\\Igor\\Documents\\Study\\js\\DDD_CLEAN_ARCH\\1\\src\\main\\api\\index.ts": {"path":"C:\\Users\\Igor\\Documents\\Study\\js\\DDD_CLEAN_ARCH\\1\\src\\main\\api\\index.ts","statementMap":{"0":{"start":{"line":1,"column":0},"end":{"line":1,"column":31}},"1":{"start":{"line":2,"column":0},"end":{"line":2,"column":66}},"2":{"start":{"line":4,"column":15},"end":{"line":4,"column":37}},"3":{"start":{"line":6,"column":0},"end":{"line":6,"column":null}}},"fnMap":{},"branchMap":{},"s":{"0":0,"1":0,"2":0,"3":0},"f":{},"b":{}}
,"C:\\Users\\Igor\\Documents\\Study\\js\\DDD_CLEAN_ARCH\\1\\src\\main\\config\\module-alias.ts": {"path":"C:\\Users\\Igor\\Documents\\Study\\js\\DDD_CLEAN_ARCH\\1\\src\\main\\config\\module-alias.ts","statementMap":{"0":{"start":{"line":1,"column":0},"end":{"line":1,"column":39}},"1":{"start":{"line":2,"column":0},"end":{"line":2,"column":30}},"2":{"start":{"line":4,"column":0},"end":{"line":4,"column":null}}},"fnMap":{},"branchMap":{},"s":{"0":0,"1":0,"2":0},"f":{},"b":{}}
}
